<?xml version="1.0" encoding="UTF-8"?>
<testsuite name="com.trello.tests.tests.BoardDeletionTest" tests="1" skipped="0" failures="0" errors="0" timestamp="2019-10-03T16:15:05" hostname="LAPTOP-1IHGM6O5" time="32.526">
  <properties/>
  <testcase name="BoardDeletion" classname="com.trello.tests.tests.BoardDeletionTest" time="32.526"/>
  <system-out><![CDATA[hidden
]]></system-out>
  <system-err><![CDATA[Starting ChromeDriver 77.0.3865.40 (f484704e052e0b556f8030b65b953dce96503217-refs/branch-heads/3865@{#442}) on port 12521
Only local connections are allowed.
Please protect ports used by ChromeDriver and related test frameworks to prevent access by malicious code.
[1570119279.794][WARNING]: Timed out connecting to Chrome, retrying...
??? 03, 2019 7:14:41 PM org.openqa.selenium.remote.ProtocolHandshake createSession
INFO: Detected dialect: W3C
[1570119283.877][WARNING]: Timed out connecting to Chrome, retrying...
]]></system-err>
</testsuite>
