<?xml version="1.0" encoding="UTF-8"?>
<testsuite name="com.trello.tests.TeamDeletionTests" tests="1" skipped="0" failures="0" errors="0" timestamp="2019-09-22T14:45:12" hostname="LAPTOP-1IHGM6O5" time="41.503">
  <properties/>
  <testcase name="deleteTeamFromLeftNavMenu" classname="com.trello.tests.TeamDeletionTests" time="41.503"/>
  <system-out><![CDATA[]]></system-out>
  <system-err><![CDATA[Starting ChromeDriver 76.0.3809.68 (420c9498db8ce8fcd190a954d51297672c1515d5-refs/branch-heads/3809@{#864}) on port 32214
Only local connections are allowed.
Please protect ports used by ChromeDriver and related test frameworks to prevent access by malicious code.
[1569163499.581][WARNING]: Timed out connecting to Chrome, retrying...
??? 22, 2019 5:45:01 PM org.openqa.selenium.remote.ProtocolHandshake createSession
INFO: Detected dialect: W3C
[1569163503.701][WARNING]: Timed out connecting to Chrome, retrying...
]]></system-err>
</testsuite>
