<?xml version="1.0" encoding="UTF-8"?>
<testsuite name="com.trello.tests.TeamCreationTests" tests="1" skipped="0" failures="0" errors="0" timestamp="2019-09-19T09:54:36" hostname="LAPTOP-1IHGM6O5" time="10.554">
  <properties/>
  <testcase name="testTeamCreationFromPlusButtonOnHeader" classname="com.trello.tests.TeamCreationTests" time="10.554"/>
  <system-out><![CDATA[]]></system-out>
  <system-err><![CDATA[Starting ChromeDriver 76.0.3809.68 (420c9498db8ce8fcd190a954d51297672c1515d5-refs/branch-heads/3809@{#864}) on port 11578
Only local connections are allowed.
Please protect ports used by ChromeDriver and related test frameworks to prevent access by malicious code.
[1568886864.937][WARNING]: Timed out connecting to Chrome, retrying...
??? 19, 2019 12:54:26 PM org.openqa.selenium.remote.ProtocolHandshake createSession
INFO: Detected dialect: W3C
[1568886869.024][WARNING]: Timed out connecting to Chrome, retrying...
]]></system-err>
</testsuite>
