<?xml version="1.0" encoding="UTF-8"?>
<testsuite name="com.trello.tests.BoardCreationTests" tests="1" skipped="0" failures="0" errors="0" timestamp="2019-09-24T09:55:47" hostname="LAPTOP-1IHGM6O5" time="1.945">
  <properties/>
  <testcase name="testBoardCreation" classname="com.trello.tests.BoardCreationTests" time="1.945"/>
  <system-out><![CDATA[]]></system-out>
  <system-err><![CDATA[Starting ChromeDriver 76.0.3809.68 (420c9498db8ce8fcd190a954d51297672c1515d5-refs/branch-heads/3809@{#864}) on port 9146
Only local connections are allowed.
Please protect ports used by ChromeDriver and related test frameworks to prevent access by malicious code.
[1569318930.138][WARNING]: This version of ChromeDriver has not been tested with Chrome version 77.
[1569318932.144][WARNING]: Timed out connecting to Chrome, retrying...
??? 24, 2019 12:55:34 PM org.openqa.selenium.remote.ProtocolHandshake createSession
INFO: Detected dialect: W3C
[1569318936.218][WARNING]: Timed out connecting to Chrome, retrying...
]]></system-err>
</testsuite>
