<?xml version="1.0" encoding="UTF-8"?>
<testsuite name="com.trello.tests.BoardCreationTests" tests="1" skipped="0" failures="0" errors="0" timestamp="2019-09-19T09:54:10" hostname="LAPTOP-1IHGM6O5" time="10.357">
  <properties/>
  <testcase name="testBoardCreation" classname="com.trello.tests.BoardCreationTests" time="10.357"/>
  <system-out><![CDATA[]]></system-out>
  <system-err><![CDATA[Starting ChromeDriver 76.0.3809.68 (420c9498db8ce8fcd190a954d51297672c1515d5-refs/branch-heads/3809@{#864}) on port 38328
Only local connections are allowed.
Please protect ports used by ChromeDriver and related test frameworks to prevent access by malicious code.
[1568886838.107][WARNING]: Timed out connecting to Chrome, retrying...
??? 19, 2019 12:54:00 PM org.openqa.selenium.remote.ProtocolHandshake createSession
INFO: Detected dialect: W3C
[1568886842.209][WARNING]: Timed out connecting to Chrome, retrying...
]]></system-err>
</testsuite>
