<?xml version="1.0" encoding="UTF-8"?>
<testsuite name="com.trello.tests.BoardDeletionTest" tests="1" skipped="0" failures="0" errors="0" timestamp="2019-09-23T11:22:32" hostname="LAPTOP-1IHGM6O5" time="7.232">
  <properties/>
  <testcase name="BoardDeletion" classname="com.trello.tests.BoardDeletionTest" time="7.232"/>
  <system-out><![CDATA[hidden
]]></system-out>
  <system-err><![CDATA[Starting ChromeDriver 76.0.3809.68 (420c9498db8ce8fcd190a954d51297672c1515d5-refs/branch-heads/3809@{#864}) on port 2535
Only local connections are allowed.
Please protect ports used by ChromeDriver and related test frameworks to prevent access by malicious code.
[1569237737.541][WARNING]: Timed out connecting to Chrome, retrying...
??? 23, 2019 2:22:19 PM org.openqa.selenium.remote.ProtocolHandshake createSession
INFO: Detected dialect: W3C
[1569237741.664][WARNING]: Timed out connecting to Chrome, retrying...
]]></system-err>
</testsuite>
